May 07 14:55:02  [info] $Fatal Error Details = Array
(
    [callback] => Array
        (
            [0] => CRM_Core_Error
            [1] => exceptionHandler
        )

    [code] => -1
    [message] => DB Error: unknown error
    [mode] => 16
    [debug_info] => INSERT INTO civicrm_booking (primary_contact_id , title , status_id , booking_date , start_date , end_date , total_amount , description , discount_amount , created_by , created_date , updated_by , updated_date ) VALUES ( 3296 , 'Nuova Prenotazione' ,  1 ,  20230507145400 ,  20230507083000 ,  20230507090000 ,  0 ,  NULL ,  0 ,  202 ,  20230507145502 ,  202 ,  20230507145502 )  [nativecode=1364 ** Field 'po_number' doesn't have a default value]
    [type] => DB_Error
    [user_info] => INSERT INTO civicrm_booking (primary_contact_id , title , status_id , booking_date , start_date , end_date , total_amount , description , discount_amount , created_by , created_date , updated_by , updated_date ) VALUES ( 3296 , 'Nuova Prenotazione' ,  1 ,  20230507145400 ,  20230507083000 ,  20230507090000 ,  0 ,  NULL ,  0 ,  202 ,  20230507145502 ,  202 ,  20230507145502 )  [nativecode=1364 ** Field 'po_number' doesn't have a default value]
    [to_string] => [db_error: message="DB Error: unknown error" code=-1 mode=callback callback=CRM_Core_Error::exceptionHandler prefix="" info="INSERT INTO civicrm_booking (primary_contact_id , title , status_id , booking_date , start_date , end_date , total_amount , description , discount_amount , created_by , created_date , updated_by , updated_date ) VALUES ( 3296 , 'Nuova Prenotazione' ,  1 ,  20230507145400 ,  20230507083000 ,  20230507090000 ,  0 ,  NULL ,  0 ,  202 ,  20230507145502 ,  202 ,  20230507145502 )  [nativecode=1364 ** Field 'po_number' doesn't have a default value]"]
)


May 07 14:55:02  [info] $backTrace = #0 /var/www/html/sites/all/modules/civicrm/CRM/Core/Error.php(948): CRM_Core_Error::backtrace("backTrace", TRUE)
#1 /var/www/html/sites/all/modules/civicrm/packages/PEAR.php(921): CRM_Core_Error::exceptionHandler(Object(DB_Error))
#2 /var/www/html/sites/all/modules/civicrm/packages/DB.php(985): PEAR_Error->__construct("DB Error: unknown error", -1, 16, (Array:2), "INSERT INTO civicrm_booking (primary_contact_id , title , status_id , booking...")
#3 /var/www/html/sites/all/modules/civicrm/packages/PEAR.php(575): DB_Error->__construct(-1, 16, (Array:2), "INSERT INTO civicrm_booking (primary_contact_id , title , status_id , booking...")
#4 /var/www/html/sites/all/modules/civicrm/packages/PEAR.php(223): PEAR->_raiseError(Object(DB_mysqli), NULL, -1, 16, (Array:2), "INSERT INTO civicrm_booking (primary_contact_id , title , status_id , booking...", "DB_Error", TRUE)
#5 /var/www/html/sites/all/modules/civicrm/packages/DB/common.php(1907): PEAR->__call("raiseError", (Array:7))
#6 /var/www/html/sites/all/modules/civicrm/packages/DB/mysqli.php(933): DB_common->raiseError(-1, NULL, NULL, "INSERT INTO civicrm_booking (primary_contact_id , title , status_id , booking...", "1364 ** Field 'po_number' doesn't have a default value")
#7 /var/www/html/sites/all/modules/civicrm/packages/DB/mysqli.php(403): DB_mysqli->mysqliRaiseError()
#8 /var/www/html/sites/all/modules/civicrm/packages/DB/common.php(1216): DB_mysqli->simpleQuery("INSERT INTO civicrm_booking (primary_contact_id , title , status_id , booking...")
#9 /var/www/html/sites/all/modules/civicrm/packages/DB/DataObject.php(2415): DB_common->query("INSERT INTO civicrm_booking (primary_contact_id , title , status_id , booking...")
#10 /var/www/html/sites/all/modules/civicrm/packages/DB/DataObject.php(1040): DB_DataObject->_query("INSERT INTO civicrm_booking (primary_contact_id , title , status_id , booking...")
#11 /var/www/html/sites/all/modules/civicrm/CRM/Core/DAO.php(571): DB_DataObject->insert()
#12 /var/www/html/sites/default/files/civicrm/ext/uk.co.compucorp.civicrm.booking/CRM/Booking/BAO/Booking.php(31): CRM_Core_DAO->save()
#13 /var/www/html/sites/default/files/civicrm/ext/uk.co.compucorp.civicrm.booking/api/v3/Booking.php(30): CRM_Booking_BAO_Booking::create((Array:22))
#14 /var/www/html/sites/all/modules/civicrm/Civi/API/Provider/MagicFunctionProvider.php(89): civicrm_api3_booking_create((Array:22))
#15 /var/www/html/sites/all/modules/civicrm/Civi/API/Kernel.php(169): Civi\API\Provider\MagicFunctionProvider->invoke((Array:9))
#16 /var/www/html/sites/all/modules/civicrm/Civi/API/Kernel.php(100): Civi\API\Kernel->runRequest((Array:9))
#17 /var/www/html/sites/all/modules/civicrm/api/api.php(43): Civi\API\Kernel->runSafe("Booking", "Create", (Array:20))
#18 /var/www/html/sites/default/files/civicrm/ext/uk.co.compucorp.civicrm.booking/CRM/Booking/Form/Booking/Info.php(246): civicrm_api3("Booking", "Create", (Array:20))
#19 /var/www/html/sites/all/modules/civicrm/CRM/Core/Form.php(489): CRM_Booking_Form_Booking_Info->postProcess()
#20 /var/www/html/sites/all/modules/civicrm/CRM/Core/QuickForm/Action/Submit.php(74): CRM_Core_Form->mainProcess()
#21 /var/www/html/sites/all/modules/civicrm/packages/HTML/QuickForm/Controller.php(203): CRM_Core_QuickForm_Action_Submit->perform(Object(CRM_Booking_Form_Booking_Info), "submit")
#22 /var/www/html/sites/all/modules/civicrm/packages/HTML/QuickForm/Page.php(103): HTML_QuickForm_Controller->handle(Object(CRM_Booking_Form_Booking_Info), "submit")
#23 /var/www/html/sites/all/modules/civicrm/CRM/Core/Controller.php(351): HTML_QuickForm_Page->handle("submit")
#24 /var/www/html/sites/all/modules/civicrm/CRM/Core/Invoke.php(309): CRM_Core_Controller->run((Array:3), NULL)
#25 /var/www/html/sites/all/modules/civicrm/CRM/Core/Invoke.php(84): CRM_Core_Invoke::runItem((Array:12))
#26 /var/www/html/sites/all/modules/civicrm/CRM/Core/Invoke.php(52): CRM_Core_Invoke::_invoke((Array:3))
#27 /var/www/html/sites/all/modules/civicrm/drupal/civicrm.module(445): CRM_Core_Invoke::invoke((Array:3))
#28 /var/www/html/includes/menu.inc(527): civicrm_invoke("booking", "add")
#29 /var/www/html/index.php(21): menu_execute_active_handler()
#30 {main}


May 07 14:55:02  [info] $Fatal Error Details = Array
(
    [message] => DB Error: unknown error
    [code] => 
)


May 07 14:55:02  [info] $backTrace = #0 /var/www/html/sites/all/modules/civicrm/CRM/Core/Error.php(381): CRM_Core_Error::backtrace("backTrace", TRUE)
#1 /var/www/html/sites/default/files/civicrm/ext/uk.co.compucorp.civicrm.booking/CRM/Booking/Form/Booking/Info.php(384): CRM_Core_Error::fatal("DB Error: unknown error")
#2 /var/www/html/sites/all/modules/civicrm/CRM/Core/Form.php(489): CRM_Booking_Form_Booking_Info->postProcess()
#3 /var/www/html/sites/all/modules/civicrm/CRM/Core/QuickForm/Action/Submit.php(74): CRM_Core_Form->mainProcess()
#4 /var/www/html/sites/all/modules/civicrm/packages/HTML/QuickForm/Controller.php(203): CRM_Core_QuickForm_Action_Submit->perform(Object(CRM_Booking_Form_Booking_Info), "submit")
#5 /var/www/html/sites/all/modules/civicrm/packages/HTML/QuickForm/Page.php(103): HTML_QuickForm_Controller->handle(Object(CRM_Booking_Form_Booking_Info), "submit")
#6 /var/www/html/sites/all/modules/civicrm/CRM/Core/Controller.php(351): HTML_QuickForm_Page->handle("submit")
#7 /var/www/html/sites/all/modules/civicrm/CRM/Core/Invoke.php(309): CRM_Core_Controller->run((Array:3), NULL)
#8 /var/www/html/sites/all/modules/civicrm/CRM/Core/Invoke.php(84): CRM_Core_Invoke::runItem((Array:12))
#9 /var/www/html/sites/all/modules/civicrm/CRM/Core/Invoke.php(52): CRM_Core_Invoke::_invoke((Array:3))
#10 /var/www/html/sites/all/modules/civicrm/drupal/civicrm.module(445): CRM_Core_Invoke::invoke((Array:3))
#11 /var/www/html/includes/menu.inc(527): civicrm_invoke("booking", "add")
#12 /var/www/html/index.php(21): menu_execute_active_handler()
#13 {main}


