Oct 03 15:25:50  [warning] Deprecated function CRM_Core_OptionGroup::getLabel, use CRM_Core_PseudoConstant::getLabel.
Array
(
    [civi.tag] => deprecated
)


Oct 12 15:22:57  [info] $Fatal Error Details = Array
(
    [message] => Il tipo di relazione Senior Services Coordinator, trovata nel file di configurazione del caso, non è presente nel database <a href="https://docs.civicrm.org/user/en/stable/case-management/set-up"  target="_blank" class="crm-doc-link no-popup" title="Apre la documentazione in una nuova finestra.">(learn Altro...)</a>
    [code] => 
)


Oct 12 15:22:57  [info] $backTrace = #0 /var/www/html/sites/all/modules/civicrm/CRM/Core/Error.php(381): CRM_Core_Error::backtrace("backTrace", TRUE)
#1 /var/www/html/sites/all/modules/civicrm/CRM/Case/XMLProcessor/Process.php(223): CRM_Core_Error::fatal("Il tipo di relazione Senior Services Coordinator, trovata nel file di configu...")
#2 /var/www/html/sites/all/modules/civicrm/CRM/Case/XMLProcessor/Process.php(109): CRM_Case_XMLProcessor_Process->createRelationships("Senior Services Coordinator", (Array:13))
#3 /var/www/html/sites/all/modules/civicrm/CRM/Case/XMLProcessor/Process.php(59): CRM_Case_XMLProcessor_Process->process(Object(SimpleXMLElement), (Array:13))
#4 /var/www/html/sites/all/modules/civicrm/CRM/Case/Form/Activity/OpenCase.php(340): CRM_Case_XMLProcessor_Process->run("presa_in_carico", (Array:13))
#5 /var/www/html/sites/all/modules/civicrm/CRM/Case/Form/Case.php(401): CRM_Case_Form_Activity_OpenCase::endPostProcess(Object(CRM_Case_Form_Case), (Array:26))
#6 /var/www/html/sites/all/modules/civicrm/CRM/Core/Form.php(489): CRM_Case_Form_Case->postProcess()
#7 /var/www/html/sites/all/modules/civicrm/CRM/Core/QuickForm/Action/Upload.php(169): CRM_Core_Form->mainProcess()
#8 /var/www/html/sites/all/modules/civicrm/CRM/Core/QuickForm/Action/Upload.php(136): CRM_Core_QuickForm_Action_Upload->realPerform(Object(CRM_Case_Form_Case), "upload")
#9 /var/www/html/sites/all/modules/civicrm/packages/HTML/QuickForm/Controller.php(203): CRM_Core_QuickForm_Action_Upload->perform(Object(CRM_Case_Form_Case), "upload")
#10 /var/www/html/sites/all/modules/civicrm/packages/HTML/QuickForm/Page.php(103): HTML_QuickForm_Controller->handle(Object(CRM_Case_Form_Case), "upload")
#11 /var/www/html/sites/all/modules/civicrm/CRM/Core/Controller.php(351): HTML_QuickForm_Page->handle("upload")
#12 /var/www/html/sites/all/modules/civicrm/CRM/Utils/Wrapper.php(113): CRM_Core_Controller->run()
#13 /var/www/html/sites/all/modules/civicrm/CRM/Core/Invoke.php(282): CRM_Utils_Wrapper->run("CRM_Case_Form_Case", "Apri caso", (Array:0))
#14 /var/www/html/sites/all/modules/civicrm/CRM/Core/Invoke.php(84): CRM_Core_Invoke::runItem((Array:15))
#15 /var/www/html/sites/all/modules/civicrm/CRM/Core/Invoke.php(52): CRM_Core_Invoke::_invoke((Array:3))
#16 /var/www/html/sites/all/modules/civicrm/drupal/civicrm.module(445): CRM_Core_Invoke::invoke((Array:3))
#17 /var/www/html/includes/menu.inc(527): civicrm_invoke("case", "add")
#18 /var/www/html/index.php(21): menu_execute_active_handler()
#19 {main}


Oct 17 14:15:08  [warning] Deprecated function CRM_Core_OptionGroup::getLabel, use CRM_Core_PseudoConstant::getLabel.
Array
(
    [civi.tag] => deprecated
)


Oct 18 09:50:09  [warning] Deprecated function CRM_Core_OptionGroup::getLabel, use CRM_Core_PseudoConstant::getLabel.
Array
(
    [civi.tag] => deprecated
)


Oct 18 10:18:34  [warning] Deprecated function CRM_Core_OptionGroup::getLabel, use CRM_Core_PseudoConstant::getLabel.
Array
(
    [civi.tag] => deprecated
)


Oct 18 10:26:15  [info] $Fatal Error Details = Array
(
    [message] => Il tipo di relazione Senior Services Coordinator, trovata nel file di configurazione del caso, non è presente nel database <a href="https://docs.civicrm.org/user/en/stable/case-management/set-up"  target="_blank" class="crm-doc-link no-popup" title="Apre la documentazione in una nuova finestra.">(learn Altro...)</a>
    [code] => 
)


Oct 18 10:26:15  [info] $backTrace = #0 /var/www/html/sites/all/modules/civicrm/CRM/Core/Error.php(381): CRM_Core_Error::backtrace("backTrace", TRUE)
#1 /var/www/html/sites/all/modules/civicrm/CRM/Case/XMLProcessor/Process.php(223): CRM_Core_Error::fatal("Il tipo di relazione Senior Services Coordinator, trovata nel file di configu...")
#2 /var/www/html/sites/all/modules/civicrm/CRM/Case/XMLProcessor/Process.php(109): CRM_Case_XMLProcessor_Process->createRelationships("Senior Services Coordinator", (Array:13))
#3 /var/www/html/sites/all/modules/civicrm/CRM/Case/XMLProcessor/Process.php(59): CRM_Case_XMLProcessor_Process->process(Object(SimpleXMLElement), (Array:13))
#4 /var/www/html/sites/all/modules/civicrm/CRM/Case/Form/Activity/OpenCase.php(340): CRM_Case_XMLProcessor_Process->run("presa_in_carico", (Array:13))
#5 /var/www/html/sites/all/modules/civicrm/CRM/Case/Form/Case.php(401): CRM_Case_Form_Activity_OpenCase::endPostProcess(Object(CRM_Case_Form_Case), (Array:26))
#6 /var/www/html/sites/all/modules/civicrm/CRM/Core/Form.php(489): CRM_Case_Form_Case->postProcess()
#7 /var/www/html/sites/all/modules/civicrm/CRM/Core/QuickForm/Action/Upload.php(169): CRM_Core_Form->mainProcess()
#8 /var/www/html/sites/all/modules/civicrm/CRM/Core/QuickForm/Action/Upload.php(136): CRM_Core_QuickForm_Action_Upload->realPerform(Object(CRM_Case_Form_Case), "upload")
#9 /var/www/html/sites/all/modules/civicrm/packages/HTML/QuickForm/Controller.php(203): CRM_Core_QuickForm_Action_Upload->perform(Object(CRM_Case_Form_Case), "upload")
#10 /var/www/html/sites/all/modules/civicrm/packages/HTML/QuickForm/Page.php(103): HTML_QuickForm_Controller->handle(Object(CRM_Case_Form_Case), "upload")
#11 /var/www/html/sites/all/modules/civicrm/CRM/Core/Controller.php(351): HTML_QuickForm_Page->handle("upload")
#12 /var/www/html/sites/all/modules/civicrm/CRM/Utils/Wrapper.php(113): CRM_Core_Controller->run()
#13 /var/www/html/sites/all/modules/civicrm/CRM/Core/Invoke.php(282): CRM_Utils_Wrapper->run("CRM_Case_Form_Case", "Apri caso", (Array:0))
#14 /var/www/html/sites/all/modules/civicrm/CRM/Core/Invoke.php(84): CRM_Core_Invoke::runItem((Array:15))
#15 /var/www/html/sites/all/modules/civicrm/CRM/Core/Invoke.php(52): CRM_Core_Invoke::_invoke((Array:3))
#16 /var/www/html/sites/all/modules/civicrm/drupal/civicrm.module(445): CRM_Core_Invoke::invoke((Array:3))
#17 /var/www/html/includes/menu.inc(527): civicrm_invoke("case", "add")
#18 /var/www/html/index.php(21): menu_execute_active_handler()
#19 {main}


Oct 27 21:36:05  [info] 
$Fatal Error Details = array(3) {
  ["message"]=>
  string(14) "Invalid Filter"
  ["code"]=>
  NULL
  ["exception"]=>
  object(CRM_Core_Exception)#119 (10) {
    ["errorData":"CRM_Core_Exception":private]=>
    array(1) {
      ["error_code"]=>
      int(0)
    }
    ["cause":protected]=>
    NULL
    ["_trace":"PEAR_Exception":private]=>
    NULL
    ["message":protected]=>
    string(14) "Invalid Filter"
    ["string":"Exception":private]=>
    string(0) ""
    ["code":protected]=>
    int(0)
    ["file":protected]=>
    string(68) "/var/www/html/sites/all/modules/civicrm/CRM/Core/BAO/CustomGroup.php"
    ["line":protected]=>
    int(703)
    ["trace":"Exception":private]=>
    array(9) {
      [0]=>
      array(6) {
        ["file"]=>
        string(68) "/var/www/html/sites/all/modules/civicrm/CRM/Core/BAO/CustomGroup.php"
        ["line"]=>
        int(483)
        ["function"]=>
        string(23) "validateSubTypeByEntity"
        ["class"]=>
        string(24) "CRM_Core_BAO_CustomGroup"
        ["type"]=>
        string(2) "::"
        ["args"]=>
        array(2) {
          [0]=>
          string(10) "Individual"
          [1]=>
          string(7) "Student"
        }
      }
      [1]=>
      array(6) {
        ["file"]=>
        string(73) "/var/www/html/sites/all/modules/civicrm/CRM/Contact/Page/View/Summary.php"
        ["line"]=>
        int(63)
        ["function"]=>
        string(7) "getTree"
        ["class"]=>
        string(24) "CRM_Core_BAO_CustomGroup"
        ["type"]=>
        string(2) "::"
        ["args"]=>
        array(5) {
          [0]=>
          string(10) "Individual"
          [1]=>
          array(2) {
            ["custom_field"]=>
            array(19) {
              [0]=>
              string(2) "id"
              [1]=>
              string(4) "name"
              [2]=>
              string(5) "label"
              [3]=>
              string(11) "column_name"
              [4]=>
              string(9) "data_type"
              [5]=>
              string(9) "html_type"
              [6]=>
              string(13) "default_value"
              [7]=>
              string(10) "attributes"
              [8]=>
              string(11) "is_required"
              [9]=>
              string(7) "is_view"
              [10]=>
              string(8) "help_pre"
              [11]=>
              string(9) "help_post"
              [12]=>
              string(16) "options_per_line"
              [13]=>
              string(16) "start_date_years"
              [14]=>
              string(14) "end_date_years"
              [15]=>
              string(11) "date_format"
              [16]=>
              string(11) "time_format"
              [17]=>
              string(15) "option_group_id"
              [18]=>
              string(11) "in_selector"
            }
            ["custom_group"]=>
            array(14) {
              [0]=>
              string(2) "id"
              [1]=>
              string(4) "name"
              [2]=>
              string(10) "table_name"
              [3]=>
              string(5) "title"
              [4]=>
              string(8) "help_pre"
              [5]=>
              string(9) "help_post"
              [6]=>
              string(16) "collapse_display"
              [7]=>
              string(5) "style"
              [8]=>
              string(11) "is_multiple"
              [9]=>
              string(7) "extends"
              [10]=>
              string(24) "extends_entity_column_id"
              [11]=>
              string(27) "extends_entity_column_value"
              [12]=>
              string(12) "max_multiple"
              [13]=>
              string(9) "is_public"
            }
          }
          [2]=>
          int(12299)
          [3]=>
          NULL
          [4]=>
          array(1) {
            [0]=>
            string(7) "Student"
          }
        }
      }
      [2]=>
      array(6) {
        ["file"]=>
        string(73) "/var/www/html/sites/all/modules/civicrm/CRM/Contact/Page/View/Summary.php"
        ["line"]=>
        int(87)
        ["function"]=>
        string(10) "preProcess"
        ["class"]=>
        string(29) "CRM_Contact_Page_View_Summary"
        ["type"]=>
        string(2) "->"
        ["args"]=>
        array(0) {
        }
      }
      [3]=>
      array(6) {
        ["file"]=>
        string(59) "/var/www/html/sites/all/modules/civicrm/CRM/Core/Invoke.php"
        ["line"]=>
        int(309)
        ["function"]=>
        string(3) "run"
        ["class"]=>
        string(29) "CRM_Contact_Page_View_Summary"
        ["type"]=>
        string(2) "->"
        ["args"]=>
        array(2) {
          [0]=>
          array(3) {
            [0]=>
            string(7) "civicrm"
            [1]=>
            string(7) "contact"
            [2]=>
            string(4) "view"
          }
          [1]=>
          NULL
        }
      }
      [4]=>
      array(6) {
        ["file"]=>
        string(59) "/var/www/html/sites/all/modules/civicrm/CRM/Core/Invoke.php"
        ["line"]=>
        int(84)
        ["function"]=>
        string(7) "runItem"
        ["class"]=>
        string(15) "CRM_Core_Invoke"
        ["type"]=>
        string(2) "::"
        ["args"]=>
        array(1) {
          [0]=>
          array(14) {
            ["id"]=>
            string(2) "85"
            ["domain_id"]=>
            string(1) "1"
            ["path"]=>
            string(20) "civicrm/contact/view"
            ["path_arguments"]=>
            string(11) "cid=%%cid%%"
            ["title"]=>
            string(18) "Riepilogo Contatti"
            ["access_callback"]=>
            array(2) {
              [0]=>
              string(19) "CRM_Core_Permission"
              [1]=>
              string(9) "checkMenu"
            }
            ["access_arguments"]=>
            array(2) {
              [0]=>
              array(3) {
                [0]=>
                string(14) "access CiviCRM"
                [1]=>
                string(15) "edit my contact"
                [2]=>
                string(15) "view my contact"
              }
              [1]=>
              string(2) "or"
            }
            ["page_callback"]=>
            string(29) "CRM_Contact_Page_View_Summary"
            ["breadcrumb"]=>
            array(1) {
              [0]=>
              array(2) {
                ["title"]=>
                string(7) "CiviCRM"
                ["url"]=>
                string(16) "/civicrm?reset=1"
              }
            }
            ["is_ssl"]=>
            string(1) "0"
            ["weight"]=>
            string(1) "1"
            ["type"]=>
            string(1) "1"
            ["page_type"]=>
            string(1) "0"
            ["page_arguments"]=>
            bool(false)
          }
        }
      }
      [5]=>
      array(6) {
        ["file"]=>
        string(59) "/var/www/html/sites/all/modules/civicrm/CRM/Core/Invoke.php"
        ["line"]=>
        int(52)
        ["function"]=>
        string(7) "_invoke"
        ["class"]=>
        string(15) "CRM_Core_Invoke"
        ["type"]=>
        string(2) "::"
        ["args"]=>
        array(1) {
          [0]=>
          array(3) {
            [0]=>
            string(7) "civicrm"
            [1]=>
            string(7) "contact"
            [2]=>
            string(4) "view"
          }
        }
      }
      [6]=>
      array(6) {
        ["file"]=>
        string(61) "/var/www/html/sites/all/modules/civicrm/drupal/civicrm.module"
        ["line"]=>
        int(445)
        ["function"]=>
        string(6) "invoke"
        ["class"]=>
        string(15) "CRM_Core_Invoke"
        ["type"]=>
        string(2) "::"
        ["args"]=>
        array(1) {
          [0]=>
          array(3) {
            [0]=>
            string(7) "civicrm"
            [1]=>
            string(7) "contact"
            [2]=>
            string(4) "view"
          }
        }
      }
      [7]=>
      array(4) {
        ["file"]=>
        string(31) "/var/www/html/includes/menu.inc"
        ["line"]=>
        int(527)
        ["function"]=>
        string(14) "civicrm_invoke"
        ["args"]=>
        array(2) {
          [0]=>
          string(7) "contact"
          [1]=>
          string(4) "view"
        }
      }
      [8]=>
      array(4) {
        ["file"]=>
        string(23) "/var/www/html/index.php"
        ["line"]=>
        int(21)
        ["function"]=>
        string(27) "menu_execute_active_handler"
        ["args"]=>
        array(0) {
        }
      }
    }
    ["previous":"Exception":private]=>
    NULL
  }
}


Oct 27 21:36:05  [info] $backTrace = #0 /var/www/html/sites/all/modules/civicrm/CRM/Core/Error.php(459): CRM_Core_Error::backtrace("backTrace", TRUE)
#1 /var/www/html/sites/all/modules/civicrm/CRM/Core/Invoke.php(55): CRM_Core_Error::handleUnhandledException(Object(CRM_Core_Exception))
#2 /var/www/html/sites/all/modules/civicrm/drupal/civicrm.module(445): CRM_Core_Invoke::invoke((Array:3))
#3 /var/www/html/includes/menu.inc(527): civicrm_invoke("contact", "view")
#4 /var/www/html/index.php(21): menu_execute_active_handler()
#5 {main}


Oct 30 14:59:29  [info] $Fatal Error Details = Array
(
    [message] => Il tipo di relazione Senior Services Coordinator, trovata nel file di configurazione del caso, non è presente nel database <a href="https://docs.civicrm.org/user/en/stable/case-management/set-up"  target="_blank" class="crm-doc-link no-popup" title="Apre la documentazione in una nuova finestra.">(learn Altro...)</a>
    [code] => 
)


Oct 30 14:59:29  [info] $backTrace = #0 /var/www/html/sites/all/modules/civicrm/CRM/Core/Error.php(381): CRM_Core_Error::backtrace("backTrace", TRUE)
#1 /var/www/html/sites/all/modules/civicrm/CRM/Case/XMLProcessor/Process.php(223): CRM_Core_Error::fatal("Il tipo di relazione Senior Services Coordinator, trovata nel file di configu...")
#2 /var/www/html/sites/all/modules/civicrm/CRM/Case/XMLProcessor/Process.php(109): CRM_Case_XMLProcessor_Process->createRelationships("Senior Services Coordinator", (Array:14))
#3 /var/www/html/sites/all/modules/civicrm/CRM/Case/XMLProcessor/Process.php(59): CRM_Case_XMLProcessor_Process->process(Object(SimpleXMLElement), (Array:14))
#4 /var/www/html/sites/all/modules/civicrm/CRM/Case/Form/Activity/OpenCase.php(340): CRM_Case_XMLProcessor_Process->run("presa_in_carico", (Array:14))
#5 /var/www/html/sites/all/modules/civicrm/CRM/Case/Form/Case.php(401): CRM_Case_Form_Activity_OpenCase::endPostProcess(Object(CRM_Case_Form_Case), (Array:28))
#6 /var/www/html/sites/all/modules/civicrm/CRM/Core/Form.php(489): CRM_Case_Form_Case->postProcess()
#7 /var/www/html/sites/all/modules/civicrm/CRM/Core/QuickForm/Action/Upload.php(169): CRM_Core_Form->mainProcess()
#8 /var/www/html/sites/all/modules/civicrm/CRM/Core/QuickForm/Action/Upload.php(136): CRM_Core_QuickForm_Action_Upload->realPerform(Object(CRM_Case_Form_Case), "upload")
#9 /var/www/html/sites/all/modules/civicrm/packages/HTML/QuickForm/Controller.php(203): CRM_Core_QuickForm_Action_Upload->perform(Object(CRM_Case_Form_Case), "upload")
#10 /var/www/html/sites/all/modules/civicrm/packages/HTML/QuickForm/Page.php(103): HTML_QuickForm_Controller->handle(Object(CRM_Case_Form_Case), "upload")
#11 /var/www/html/sites/all/modules/civicrm/CRM/Core/Controller.php(351): HTML_QuickForm_Page->handle("upload")
#12 /var/www/html/sites/all/modules/civicrm/CRM/Utils/Wrapper.php(113): CRM_Core_Controller->run()
#13 /var/www/html/sites/all/modules/civicrm/CRM/Core/Invoke.php(282): CRM_Utils_Wrapper->run("CRM_Case_Form_Case", "Apri caso", (Array:0))
#14 /var/www/html/sites/all/modules/civicrm/CRM/Core/Invoke.php(84): CRM_Core_Invoke::runItem((Array:15))
#15 /var/www/html/sites/all/modules/civicrm/CRM/Core/Invoke.php(52): CRM_Core_Invoke::_invoke((Array:3))
#16 /var/www/html/sites/all/modules/civicrm/drupal/civicrm.module(445): CRM_Core_Invoke::invoke((Array:3))
#17 /var/www/html/includes/menu.inc(527): civicrm_invoke("case", "add")
#18 /var/www/html/index.php(21): menu_execute_active_handler()
#19 {main}


Oct 30 15:00:00  [info] $Fatal Error Details = Array
(
    [message] => Il tipo di relazione Senior Services Coordinator, trovata nel file di configurazione del caso, non è presente nel database <a href="https://docs.civicrm.org/user/en/stable/case-management/set-up"  target="_blank" class="crm-doc-link no-popup" title="Apre la documentazione in una nuova finestra.">(learn Altro...)</a>
    [code] => 
)


Oct 30 15:00:00  [info] $backTrace = #0 /var/www/html/sites/all/modules/civicrm/CRM/Core/Error.php(381): CRM_Core_Error::backtrace("backTrace", TRUE)
#1 /var/www/html/sites/all/modules/civicrm/CRM/Case/XMLProcessor/Process.php(223): CRM_Core_Error::fatal("Il tipo di relazione Senior Services Coordinator, trovata nel file di configu...")
#2 /var/www/html/sites/all/modules/civicrm/CRM/Case/XMLProcessor/Process.php(109): CRM_Case_XMLProcessor_Process->createRelationships("Senior Services Coordinator", (Array:14))
#3 /var/www/html/sites/all/modules/civicrm/CRM/Case/XMLProcessor/Process.php(59): CRM_Case_XMLProcessor_Process->process(Object(SimpleXMLElement), (Array:14))
#4 /var/www/html/sites/all/modules/civicrm/CRM/Case/Form/Activity/OpenCase.php(340): CRM_Case_XMLProcessor_Process->run("presa_in_carico", (Array:14))
#5 /var/www/html/sites/all/modules/civicrm/CRM/Case/Form/Case.php(401): CRM_Case_Form_Activity_OpenCase::endPostProcess(Object(CRM_Case_Form_Case), (Array:25))
#6 /var/www/html/sites/all/modules/civicrm/CRM/Core/Form.php(489): CRM_Case_Form_Case->postProcess()
#7 /var/www/html/sites/all/modules/civicrm/CRM/Core/QuickForm/Action/Upload.php(169): CRM_Core_Form->mainProcess()
#8 /var/www/html/sites/all/modules/civicrm/CRM/Core/QuickForm/Action/Upload.php(136): CRM_Core_QuickForm_Action_Upload->realPerform(Object(CRM_Case_Form_Case), "upload")
#9 /var/www/html/sites/all/modules/civicrm/packages/HTML/QuickForm/Controller.php(203): CRM_Core_QuickForm_Action_Upload->perform(Object(CRM_Case_Form_Case), "upload")
#10 /var/www/html/sites/all/modules/civicrm/packages/HTML/QuickForm/Page.php(103): HTML_QuickForm_Controller->handle(Object(CRM_Case_Form_Case), "upload")
#11 /var/www/html/sites/all/modules/civicrm/CRM/Core/Controller.php(351): HTML_QuickForm_Page->handle("upload")
#12 /var/www/html/sites/all/modules/civicrm/CRM/Utils/Wrapper.php(113): CRM_Core_Controller->run()
#13 /var/www/html/sites/all/modules/civicrm/CRM/Core/Invoke.php(282): CRM_Utils_Wrapper->run("CRM_Case_Form_Case", "Apri caso", (Array:0))
#14 /var/www/html/sites/all/modules/civicrm/CRM/Core/Invoke.php(84): CRM_Core_Invoke::runItem((Array:15))
#15 /var/www/html/sites/all/modules/civicrm/CRM/Core/Invoke.php(52): CRM_Core_Invoke::_invoke((Array:3))
#16 /var/www/html/sites/all/modules/civicrm/drupal/civicrm.module(445): CRM_Core_Invoke::invoke((Array:3))
#17 /var/www/html/includes/menu.inc(527): civicrm_invoke("case", "add")
#18 /var/www/html/index.php(21): menu_execute_active_handler()
#19 {main}


Oct 30 15:01:21  [info] $Fatal Error Details = Array
(
    [message] => Il tipo di relazione Senior Services Coordinator, trovata nel file di configurazione del caso, non è presente nel database <a href="https://docs.civicrm.org/user/en/stable/case-management/set-up"  target="_blank" class="crm-doc-link no-popup" title="Apre la documentazione in una nuova finestra.">(learn Altro...)</a>
    [code] => 
)


Oct 30 15:01:21  [info] $backTrace = #0 /var/www/html/sites/all/modules/civicrm/CRM/Core/Error.php(381): CRM_Core_Error::backtrace("backTrace", TRUE)
#1 /var/www/html/sites/all/modules/civicrm/CRM/Case/XMLProcessor/Process.php(223): CRM_Core_Error::fatal("Il tipo di relazione Senior Services Coordinator, trovata nel file di configu...")
#2 /var/www/html/sites/all/modules/civicrm/CRM/Case/XMLProcessor/Process.php(109): CRM_Case_XMLProcessor_Process->createRelationships("Senior Services Coordinator", (Array:13))
#3 /var/www/html/sites/all/modules/civicrm/CRM/Case/XMLProcessor/Process.php(59): CRM_Case_XMLProcessor_Process->process(Object(SimpleXMLElement), (Array:13))
#4 /var/www/html/sites/all/modules/civicrm/CRM/Case/Form/Activity/OpenCase.php(340): CRM_Case_XMLProcessor_Process->run("presa_in_carico", (Array:13))
#5 /var/www/html/sites/all/modules/civicrm/CRM/Case/Form/Case.php(401): CRM_Case_Form_Activity_OpenCase::endPostProcess(Object(CRM_Case_Form_Case), (Array:24))
#6 /var/www/html/sites/all/modules/civicrm/CRM/Core/Form.php(489): CRM_Case_Form_Case->postProcess()
#7 /var/www/html/sites/all/modules/civicrm/CRM/Core/QuickForm/Action/Upload.php(169): CRM_Core_Form->mainProcess()
#8 /var/www/html/sites/all/modules/civicrm/CRM/Core/QuickForm/Action/Upload.php(136): CRM_Core_QuickForm_Action_Upload->realPerform(Object(CRM_Case_Form_Case), "upload")
#9 /var/www/html/sites/all/modules/civicrm/packages/HTML/QuickForm/Controller.php(203): CRM_Core_QuickForm_Action_Upload->perform(Object(CRM_Case_Form_Case), "upload")
#10 /var/www/html/sites/all/modules/civicrm/packages/HTML/QuickForm/Page.php(103): HTML_QuickForm_Controller->handle(Object(CRM_Case_Form_Case), "upload")
#11 /var/www/html/sites/all/modules/civicrm/CRM/Core/Controller.php(351): HTML_QuickForm_Page->handle("upload")
#12 /var/www/html/sites/all/modules/civicrm/CRM/Utils/Wrapper.php(113): CRM_Core_Controller->run()
#13 /var/www/html/sites/all/modules/civicrm/CRM/Core/Invoke.php(282): CRM_Utils_Wrapper->run("CRM_Case_Form_Case", "Apri caso", (Array:0))
#14 /var/www/html/sites/all/modules/civicrm/CRM/Core/Invoke.php(84): CRM_Core_Invoke::runItem((Array:15))
#15 /var/www/html/sites/all/modules/civicrm/CRM/Core/Invoke.php(52): CRM_Core_Invoke::_invoke((Array:3))
#16 /var/www/html/sites/all/modules/civicrm/drupal/civicrm.module(445): CRM_Core_Invoke::invoke((Array:3))
#17 /var/www/html/includes/menu.inc(527): civicrm_invoke("case", "add")
#18 /var/www/html/index.php(21): menu_execute_active_handler()
#19 {main}


Oct 30 15:03:16  [info] $Fatal Error Details = Array
(
    [message] => Il tipo di relazione Senior Services Coordinator, trovata nel file di configurazione del caso, non è presente nel database <a href="https://docs.civicrm.org/user/en/stable/case-management/set-up"  target="_blank" class="crm-doc-link no-popup" title="Apre la documentazione in una nuova finestra.">(learn Altro...)</a>
    [code] => 
)


Oct 30 15:03:16  [info] $backTrace = #0 /var/www/html/sites/all/modules/civicrm/CRM/Core/Error.php(381): CRM_Core_Error::backtrace("backTrace", TRUE)
#1 /var/www/html/sites/all/modules/civicrm/CRM/Case/XMLProcessor/Process.php(223): CRM_Core_Error::fatal("Il tipo di relazione Senior Services Coordinator, trovata nel file di configu...")
#2 /var/www/html/sites/all/modules/civicrm/CRM/Case/XMLProcessor/Process.php(109): CRM_Case_XMLProcessor_Process->createRelationships("Senior Services Coordinator", (Array:13))
#3 /var/www/html/sites/all/modules/civicrm/CRM/Case/XMLProcessor/Process.php(59): CRM_Case_XMLProcessor_Process->process(Object(SimpleXMLElement), (Array:13))
#4 /var/www/html/sites/all/modules/civicrm/CRM/Case/Form/Activity/OpenCase.php(340): CRM_Case_XMLProcessor_Process->run("presa_in_carico", (Array:13))
#5 /var/www/html/sites/all/modules/civicrm/CRM/Case/Form/Case.php(401): CRM_Case_Form_Activity_OpenCase::endPostProcess(Object(CRM_Case_Form_Case), (Array:27))
#6 /var/www/html/sites/all/modules/civicrm/CRM/Core/Form.php(489): CRM_Case_Form_Case->postProcess()
#7 /var/www/html/sites/all/modules/civicrm/CRM/Core/QuickForm/Action/Upload.php(169): CRM_Core_Form->mainProcess()
#8 /var/www/html/sites/all/modules/civicrm/CRM/Core/QuickForm/Action/Upload.php(136): CRM_Core_QuickForm_Action_Upload->realPerform(Object(CRM_Case_Form_Case), "upload")
#9 /var/www/html/sites/all/modules/civicrm/packages/HTML/QuickForm/Controller.php(203): CRM_Core_QuickForm_Action_Upload->perform(Object(CRM_Case_Form_Case), "upload")
#10 /var/www/html/sites/all/modules/civicrm/packages/HTML/QuickForm/Page.php(103): HTML_QuickForm_Controller->handle(Object(CRM_Case_Form_Case), "upload")
#11 /var/www/html/sites/all/modules/civicrm/CRM/Core/Controller.php(351): HTML_QuickForm_Page->handle("upload")
#12 /var/www/html/sites/all/modules/civicrm/CRM/Utils/Wrapper.php(113): CRM_Core_Controller->run()
#13 /var/www/html/sites/all/modules/civicrm/CRM/Core/Invoke.php(282): CRM_Utils_Wrapper->run("CRM_Case_Form_Case", "Apri caso", (Array:0))
#14 /var/www/html/sites/all/modules/civicrm/CRM/Core/Invoke.php(84): CRM_Core_Invoke::runItem((Array:15))
#15 /var/www/html/sites/all/modules/civicrm/CRM/Core/Invoke.php(52): CRM_Core_Invoke::_invoke((Array:3))
#16 /var/www/html/sites/all/modules/civicrm/drupal/civicrm.module(445): CRM_Core_Invoke::invoke((Array:3))
#17 /var/www/html/includes/menu.inc(527): civicrm_invoke("case", "add")
#18 /var/www/html/index.php(21): menu_execute_active_handler()
#19 {main}


Oct 30 15:03:59  [info] $Fatal Error Details = Array
(
    [message] => Il tipo di relazione Senior Services Coordinator, trovata nel file di configurazione del caso, non è presente nel database <a href="https://docs.civicrm.org/user/en/stable/case-management/set-up"  target="_blank" class="crm-doc-link no-popup" title="Apre la documentazione in una nuova finestra.">(learn Altro...)</a>
    [code] => 
)


Oct 30 15:03:59  [info] $backTrace = #0 /var/www/html/sites/all/modules/civicrm/CRM/Core/Error.php(381): CRM_Core_Error::backtrace("backTrace", TRUE)
#1 /var/www/html/sites/all/modules/civicrm/CRM/Case/XMLProcessor/Process.php(223): CRM_Core_Error::fatal("Il tipo di relazione Senior Services Coordinator, trovata nel file di configu...")
#2 /var/www/html/sites/all/modules/civicrm/CRM/Case/XMLProcessor/Process.php(109): CRM_Case_XMLProcessor_Process->createRelationships("Senior Services Coordinator", (Array:14))
#3 /var/www/html/sites/all/modules/civicrm/CRM/Case/XMLProcessor/Process.php(59): CRM_Case_XMLProcessor_Process->process(Object(SimpleXMLElement), (Array:14))
#4 /var/www/html/sites/all/modules/civicrm/CRM/Case/Form/Activity/OpenCase.php(340): CRM_Case_XMLProcessor_Process->run("presa_in_carico", (Array:14))
#5 /var/www/html/sites/all/modules/civicrm/CRM/Case/Form/Case.php(401): CRM_Case_Form_Activity_OpenCase::endPostProcess(Object(CRM_Case_Form_Case), (Array:25))
#6 /var/www/html/sites/all/modules/civicrm/CRM/Core/Form.php(489): CRM_Case_Form_Case->postProcess()
#7 /var/www/html/sites/all/modules/civicrm/CRM/Core/QuickForm/Action/Upload.php(169): CRM_Core_Form->mainProcess()
#8 /var/www/html/sites/all/modules/civicrm/CRM/Core/QuickForm/Action/Upload.php(136): CRM_Core_QuickForm_Action_Upload->realPerform(Object(CRM_Case_Form_Case), "upload")
#9 /var/www/html/sites/all/modules/civicrm/packages/HTML/QuickForm/Controller.php(203): CRM_Core_QuickForm_Action_Upload->perform(Object(CRM_Case_Form_Case), "upload")
#10 /var/www/html/sites/all/modules/civicrm/packages/HTML/QuickForm/Page.php(103): HTML_QuickForm_Controller->handle(Object(CRM_Case_Form_Case), "upload")
#11 /var/www/html/sites/all/modules/civicrm/CRM/Core/Controller.php(351): HTML_QuickForm_Page->handle("upload")
#12 /var/www/html/sites/all/modules/civicrm/CRM/Utils/Wrapper.php(113): CRM_Core_Controller->run()
#13 /var/www/html/sites/all/modules/civicrm/CRM/Core/Invoke.php(282): CRM_Utils_Wrapper->run("CRM_Case_Form_Case", "Apri caso", (Array:0))
#14 /var/www/html/sites/all/modules/civicrm/CRM/Core/Invoke.php(84): CRM_Core_Invoke::runItem((Array:15))
#15 /var/www/html/sites/all/modules/civicrm/CRM/Core/Invoke.php(52): CRM_Core_Invoke::_invoke((Array:3))
#16 /var/www/html/sites/all/modules/civicrm/drupal/civicrm.module(445): CRM_Core_Invoke::invoke((Array:3))
#17 /var/www/html/includes/menu.inc(527): civicrm_invoke("case", "add")
#18 /var/www/html/index.php(21): menu_execute_active_handler()
#19 {main}


Oct 30 15:04:06  [info] $Fatal Error Details = Array
(
    [message] => Non hai i permessi sufficienti per visualizzare questa pagina.
    [code] => 
)


Oct 30 15:04:06  [info] $backTrace = #0 /var/www/html/sites/all/modules/civicrm/CRM/Core/Error.php(381): CRM_Core_Error::backtrace("backTrace", TRUE)
#1 /var/www/html/sites/all/modules/civicrm/CRM/Case/Form/CaseView.php(77): CRM_Core_Error::fatal("Non hai i permessi sufficienti per visualizzare questa pagina.")
#2 /var/www/html/sites/all/modules/civicrm/CRM/Core/Form.php(585): CRM_Case_Form_CaseView->preProcess()
#3 /var/www/html/sites/all/modules/civicrm/CRM/Core/QuickForm/Action/Display.php(92): CRM_Core_Form->buildForm()
#4 /var/www/html/sites/all/modules/civicrm/packages/HTML/QuickForm/Controller.php(203): CRM_Core_QuickForm_Action_Display->perform(Object(CRM_Case_Form_CaseView), "display")
#5 /var/www/html/sites/all/modules/civicrm/packages/HTML/QuickForm/Page.php(103): HTML_QuickForm_Controller->handle(Object(CRM_Case_Form_CaseView), "display")
#6 /var/www/html/sites/all/modules/civicrm/CRM/Core/Controller.php(351): HTML_QuickForm_Page->handle("display")
#7 /var/www/html/sites/all/modules/civicrm/CRM/Case/Page/Tab.php(109): CRM_Core_Controller->run()
#8 /var/www/html/sites/all/modules/civicrm/CRM/Case/Page/Tab.php(196): CRM_Case_Page_Tab->view()
#9 /var/www/html/sites/all/modules/civicrm/CRM/Core/Invoke.php(309): CRM_Case_Page_Tab->run((Array:4), NULL)
#10 /var/www/html/sites/all/modules/civicrm/CRM/Core/Invoke.php(84): CRM_Core_Invoke::runItem((Array:13))
#11 /var/www/html/sites/all/modules/civicrm/CRM/Core/Invoke.php(52): CRM_Core_Invoke::_invoke((Array:4))
#12 /var/www/html/sites/all/modules/civicrm/drupal/civicrm.module(445): CRM_Core_Invoke::invoke((Array:4))
#13 /var/www/html/includes/menu.inc(527): civicrm_invoke("contact", "view", "case")
#14 /var/www/html/index.php(21): menu_execute_active_handler()
#15 {main}


Oct 30 15:04:09  [info] $Fatal Error Details = Array
(
    [message] => Non hai i permessi sufficienti per visualizzare questa pagina.
    [code] => 
)


Oct 30 15:04:09  [info] $backTrace = #0 /var/www/html/sites/all/modules/civicrm/CRM/Core/Error.php(381): CRM_Core_Error::backtrace("backTrace", TRUE)
#1 /var/www/html/sites/all/modules/civicrm/CRM/Case/Form/CaseView.php(77): CRM_Core_Error::fatal("Non hai i permessi sufficienti per visualizzare questa pagina.")
#2 /var/www/html/sites/all/modules/civicrm/CRM/Core/Form.php(585): CRM_Case_Form_CaseView->preProcess()
#3 /var/www/html/sites/all/modules/civicrm/CRM/Core/QuickForm/Action/Display.php(92): CRM_Core_Form->buildForm()
#4 /var/www/html/sites/all/modules/civicrm/packages/HTML/QuickForm/Controller.php(203): CRM_Core_QuickForm_Action_Display->perform(Object(CRM_Case_Form_CaseView), "display")
#5 /var/www/html/sites/all/modules/civicrm/packages/HTML/QuickForm/Page.php(103): HTML_QuickForm_Controller->handle(Object(CRM_Case_Form_CaseView), "display")
#6 /var/www/html/sites/all/modules/civicrm/CRM/Core/Controller.php(351): HTML_QuickForm_Page->handle("display")
#7 /var/www/html/sites/all/modules/civicrm/CRM/Case/Page/Tab.php(109): CRM_Core_Controller->run()
#8 /var/www/html/sites/all/modules/civicrm/CRM/Case/Page/Tab.php(196): CRM_Case_Page_Tab->view()
#9 /var/www/html/sites/all/modules/civicrm/CRM/Core/Invoke.php(309): CRM_Case_Page_Tab->run((Array:4), NULL)
#10 /var/www/html/sites/all/modules/civicrm/CRM/Core/Invoke.php(84): CRM_Core_Invoke::runItem((Array:13))
#11 /var/www/html/sites/all/modules/civicrm/CRM/Core/Invoke.php(52): CRM_Core_Invoke::_invoke((Array:4))
#12 /var/www/html/sites/all/modules/civicrm/drupal/civicrm.module(445): CRM_Core_Invoke::invoke((Array:4))
#13 /var/www/html/includes/menu.inc(527): civicrm_invoke("contact", "view", "case")
#14 /var/www/html/index.php(21): menu_execute_active_handler()
#15 {main}


