May 07 15:08:20  [info] $Fatal Error Details = Array
(
    [message] => Impossibile trovare il valore valido per cid
    [code] => 
)


May 07 15:08:20  [info] $backTrace = #0 /var/www/html/sites/all/modules/civicrm/CRM/Core/Error.php(381): CRM_Core_Error::backtrace("backTrace", TRUE)
#1 /var/www/html/sites/all/modules/civicrm/CRM/Utils/Request.php(121): CRM_Core_Error::fatal("Impossibile trovare il valore valido per cid")
#2 /var/www/html/sites/default/files/civicrm/ext/uk.co.compucorp.civicrm.booking/CRM/Booking/Page/Tab.php(132): CRM_Utils_Request::retrieve("cid", "Positive", Object(CRM_Booking_Page_Tab), TRUE)
#3 /var/www/html/sites/default/files/civicrm/ext/uk.co.compucorp.civicrm.booking/CRM/Booking/Page/Tab.php(158): CRM_Booking_Page_Tab->preProcess()
#4 /var/www/html/sites/all/modules/civicrm/CRM/Core/Invoke.php(309): CRM_Booking_Page_Tab->run((Array:4), NULL)
#5 /var/www/html/sites/all/modules/civicrm/CRM/Core/Invoke.php(84): CRM_Core_Invoke::runItem((Array:13))
#6 /var/www/html/sites/all/modules/civicrm/CRM/Core/Invoke.php(52): CRM_Core_Invoke::_invoke((Array:4))
#7 /var/www/html/sites/all/modules/civicrm/drupal/civicrm.module(445): CRM_Core_Invoke::invoke((Array:4))
#8 /var/www/html/includes/menu.inc(527): civicrm_invoke("contact", "view", "booking")
#9 /var/www/html/index.php(21): menu_execute_active_handler()
#10 {main}


May 09 01:27:34  [info] $IDS Detector Details = Array
(
    [0] => Array
        (
            [name] => content
            [value] => <php>die(@md5(HelloThinkCMF))</php>
            [page] => /?a=fetch&content=<php>die(@md5(HelloThinkCMF))</php>
            [userid] => 
            [session] => sST0EgsjLRe2Ppe3FhDr9nPKxQ32IiMIOliKh2IB_Xo
            [ip] => 10.198.0.2
            [reaction] => 0
            [impact] => 44
        )

    [1] => Array
        (
            [name] => IDS_request_uri
            [value] => /?a=fetch&content=<php>die(@md5(HelloThinkCMF))</php>
            [page] => /?a=fetch&content=<php>die(@md5(HelloThinkCMF))</php>
            [userid] => 
            [session] => sST0EgsjLRe2Ppe3FhDr9nPKxQ32IiMIOliKh2IB_Xo
            [ip] => 10.198.0.2
            [reaction] => 0
            [impact] => 44
        )

)


